<?xml version="1.0" encoding="UTF-8"?>
<!-- Generated by org.testng.reporters.JUnitXMLReporter -->
<testsuite ignored="0" hostname="LAPTOP-3ILDFAAB" failures="1" tests="3" name="Free CRM App Test Cases" time="38.339" errors="0" timestamp="03 Mar 2019 15:24:24 GMT">
  <testcase classname="com.crm.qa.testcases.LoginPageTest" name="loginPageTitleTest" time="0.035">
    <failure type="java.lang.AssertionError" message="expected [#1 Free CRM software in the cloud for sales and service] but found [CRMPRO - CRM software for customer relationship management, sales, and support.]">
      <![CDATA[java.lang.AssertionError: expected [#1 Free CRM software in the cloud for sales and service] but found [CRMPRO - CRM software for customer relationship management, sales, and support.]
at com.crm.qa.testcases.LoginPageTest.loginPageTitleTest(LoginPageTest.java:30)
... Removed 31 stack frames]]>
    </failure>
  </testcase> <!-- loginPageTitleTest -->
  <testcase classname="com.crm.qa.testcases.LoginPageTest" name="CRMlogoImageTest" time="0.08"/>
  <testcase classname="com.crm.qa.testcases.LoginPageTest" name="LoginFuncTest" time="10.44"/>
</testsuite> <!-- Free CRM App Test Cases -->
